[debug] [2021-05-16T18:30:29.897Z] ----------------------------------------------------------------------
[debug] [2021-05-16T18:30:29.899Z] Command:       C:\Program Files\nodejs\node.exe C:\Users\mania\AppData\Roaming\npm\node_modules\firebase-tools\lib\bin\firebase.js init
[debug] [2021-05-16T18:30:29.899Z] CLI Version:   9.10.2
[debug] [2021-05-16T18:30:29.899Z] Platform:      win32
[debug] [2021-05-16T18:30:29.899Z] Node Version:  v12.18.3
[debug] [2021-05-16T18:30:29.900Z] Time:          Mon May 17 2021 00:00:29 GMT+0530 (India Standard Time)
[debug] [2021-05-16T18:30:29.900Z] ----------------------------------------------------------------------
[debug] 
[debug] [2021-05-16T18:30:29.906Z] > command requires scopes: ["email","openid","https://www.googleapis.com/auth/cloudplatformprojects.readonly","https://www.googleapis.com/auth/firebase","https://www.googleapis.com/auth/cloud-platform"]
[debug] [2021-05-16T18:30:29.906Z] > authorizing via signed-in user (maniabhishek05@gmail.com)
[info] 
     ######## #### ########  ######## ########     ###     ######  ########
     ##        ##  ##     ## ##       ##     ##  ##   ##  ##       ##
     ######    ##  ########  ######   ########  #########  ######  ######
     ##        ##  ##    ##  ##       ##     ## ##     ##       ## ##
     ##       #### ##     ## ######## ########  ##     ##  ######  ########

You're about to initialize a Firebase project in this directory:

  D:\10React\10LinkedInClone\linkedin-clone

[info] 
=== Project Setup
[info] 
[info] First, let's associate this project directory with a Firebase project.
[info] You can create multiple project aliases by running firebase use --add, 
[info] but for now we'll just set up a default project.
[info] 
[debug] [2021-05-16T18:30:47.523Z] > refreshing access token with scopes: []
[debug] [2021-05-16T18:30:47.523Z] >>> HTTP REQUEST POST https://www.googleapis.com/oauth2/v3/token  
 <request body omitted>
[debug] [2021-05-16T18:30:47.820Z] <<< HTTP RESPONSE 200 {"date":"Sun, 16 May 2021 18:30:46 GMT","expires":"Mon, 01 Jan 1990 00:00:00 GMT","cache-control":"no-cache, no-store, max-age=0, must-revalidate","pragma":"no-cache","content-type":"application/json; charset=utf-8","vary":"X-Origin, Referer, Origin,Accept-Encoding","server":"scaffolding on HTTPServer2","x-xss-protection":"0","x-frame-options":"SAMEORIGIN","x-content-type-options":"nosniff","alt-svc":"h3-29=\":443\"; ma=2592000,h3-T051=\":443\"; ma=2592000,h3-Q050=\":443\"; ma=2592000,h3-Q046=\":443\"; ma=2592000,h3-Q043=\":443\"; ma=2592000,quic=\":443\"; ma=2592000; v=\"46,43\"","accept-ranges":"none","transfer-encoding":"chunked"}
[debug] [2021-05-16T18:30:47.847Z] >>> [apiv2][query] GET https://firebase.googleapis.com/v1beta1/projects pageSize=100
[debug] [2021-05-16T18:30:48.435Z] <<< [apiv2][status] GET https://firebase.googleapis.com/v1beta1/projects 200
[debug] [2021-05-16T18:30:48.435Z] <<< [apiv2][body] GET https://firebase.googleapis.com/v1beta1/projects [omitted]
